<?xml version="1.0" encoding="UTF-8"?>
<testsuite name="scrabbleScorerTest" tests="7" skipped="0" failures="0" errors="0" timestamp="2016-09-07T15:56:37" hostname="epicodus-107.local" time="0.001">
  <properties/>
  <testcase name="calculateScore_returnsScoreForSingleLetter_1" classname="scrabbleScorerTest" time="0.001"/>
  <testcase name="calculateScore_returnsScoreForSingleLetter_2" classname="scrabbleScorerTest" time="0.0"/>
  <testcase name="calculateScore_returnsScoreForSingleLetter_3" classname="scrabbleScorerTest" time="0.0"/>
  <testcase name="calculateScore_returnsScoreForSingleLetter_4" classname="scrabbleScorerTest" time="0.0"/>
  <testcase name="calculateScore_returnsScoreForSingleLetter_5" classname="scrabbleScorerTest" time="0.0"/>
  <testcase name="calculateScore_returnsScoreForSingleLetter_6" classname="scrabbleScorerTest" time="0.0"/>
  <testcase name="calculateScore_returnsScoreForSingleLetter_7" classname="scrabbleScorerTest" time="0.0"/>
  <system-out><![CDATA[]]></system-out>
  <system-err><![CDATA[]]></system-err>
</testsuite>
